2019-10-24 17:06:58,577-root-ERROR: message 234567890-
2019-10-24 17:41:02,646-root-ERROR: near "type": syntax error
2019-10-24 17:41:02,648-root-ERROR: near "type": syntax error
2019-10-24 17:46:05,101-root-ERROR: near "type": syntax error
2019-10-24 17:46:05,103-root-ERROR: near "type": syntax error
2019-10-24 22:52:50,617-root-ERROR: near "type": syntax error
2019-10-24 22:52:50,620-root-ERROR: near "type": syntax error
2019-10-24 22:59:11,236-root-ERROR: near "type": syntax error
2019-10-24 22:59:11,244-root-ERROR: near "type": syntax error
2019-10-24 23:13:04,136-root-ERROR: near "type": syntax error
2019-10-24 23:13:04,140-root-ERROR: near "type": syntax error
2019-10-24 23:25:16,573-root-ERROR: near "type": syntax error
2019-10-24 23:25:16,672-root-ERROR: near "type": syntax error
2019-10-24 23:26:30,320-root-ERROR: near "type": syntax error
2019-10-24 23:40:02,831-root-ERROR: near "type": syntax error
2019-10-24 23:41:17,426-root-ERROR: near "type": syntax error
2019-10-24 23:41:44,016-root-ERROR: near "type": syntax error
2019-10-24 23:41:44,094-root-ERROR: near "type": syntax error
2019-10-25 00:25:59,354-root-ERROR: near "type": syntax error
2019-10-25 00:39:10,937-root-ERROR: near "str": syntax error
2019-10-27 20:12:51,488-root-ERROR: load element yaml file failed
2019-10-27 20:12:51,488-root-ERROR: load element yaml file failed
2019-10-27 20:12:51,527-root-ERROR: [Errno 2] No such file or directory: 'lianjia'
2019-10-27 20:12:51,527-root-ERROR: [Errno 2] No such file or directory: 'lianjia'
2019-10-27 20:13:21,120-root-ERROR: load element yaml file failed
2019-10-27 20:13:21,120-root-ERROR: load element yaml file failed
2019-10-27 20:13:21,120-root-ERROR: load element yaml file failed
2019-10-27 20:13:21,121-root-ERROR: [Errno 2] No such file or directory: 'lianjia'
2019-10-27 20:13:21,121-root-ERROR: [Errno 2] No such file or directory: 'lianjia'
2019-10-27 20:13:21,121-root-ERROR: [Errno 2] No such file or directory: 'lianjia'
2019-10-27 20:23:21,458-root-ERROR: load element yaml file failed
2019-10-27 20:23:21,458-root-ERROR: load element yaml file failed
2019-10-27 20:23:21,459-root-ERROR: [Errno 2] No such file or directory: 'lianjia'
2019-10-27 20:23:21,459-root-ERROR: [Errno 2] No such file or directory: 'lianjia'
2019-10-27 20:25:54,696-root-ERROR: load element yaml file failed
2019-10-27 20:25:54,696-root-ERROR: load element yaml file failed
2019-10-27 20:25:54,696-root-ERROR: load element yaml file failed
2019-10-27 20:25:54,697-root-ERROR: [Errno 2] No such file or directory: 'lianjia'
2019-10-27 20:25:54,697-root-ERROR: [Errno 2] No such file or directory: 'lianjia'
2019-10-27 20:25:54,697-root-ERROR: [Errno 2] No such file or directory: 'lianjia'
2019-10-27 20:28:10,618-root-ERROR: load element yaml file failed
2019-10-27 20:28:10,618-root-ERROR: load element yaml file failed
2019-10-27 20:28:10,618-root-ERROR: [Errno 2] No such file or directory: 'lianjia.yaml'
2019-10-27 20:28:10,618-root-ERROR: [Errno 2] No such file or directory: 'lianjia.yaml'
2019-10-27 20:28:10,619-root-ERROR: load element yaml file failed
2019-10-27 20:28:10,619-root-ERROR: load element yaml file failed
2019-10-27 20:28:10,619-root-ERROR: [Errno 2] No such file or directory: 'lianjia'
2019-10-27 20:28:10,619-root-ERROR: [Errno 2] No such file or directory: 'lianjia'
2019-10-27 20:28:42,113-root-ERROR: load element yaml file failed
2019-10-27 20:28:42,113-root-ERROR: load element yaml file failed
2019-10-27 20:28:42,113-root-ERROR: load element yaml file failed
2019-10-27 20:28:42,113-root-ERROR: [Errno 2] No such file or directory: 'lianjia.yaml'
2019-10-27 20:28:42,113-root-ERROR: [Errno 2] No such file or directory: 'lianjia.yaml'
2019-10-27 20:28:42,113-root-ERROR: [Errno 2] No such file or directory: 'lianjia.yaml'
2019-10-27 20:28:42,114-root-ERROR: load element yaml file failed
2019-10-27 20:28:42,114-root-ERROR: load element yaml file failed
2019-10-27 20:28:42,114-root-ERROR: load element yaml file failed
2019-10-27 20:28:42,115-root-ERROR: [Errno 2] No such file or directory: 'lianjia'
2019-10-27 20:28:42,115-root-ERROR: [Errno 2] No such file or directory: 'lianjia'
2019-10-27 20:28:42,115-root-ERROR: [Errno 2] No such file or directory: 'lianjia'
2019-10-28 00:05:55,452-root-ERROR: not enough arguments for format string
2019-10-28 00:05:55,452-root-ERROR: not enough arguments for format string
2019-10-28 00:05:55,452-root-ERROR: not enough arguments for format string
2019-10-28 00:05:55,452-root-ERROR: not enough arguments for format string
2019-10-28 00:08:31,496-root-ERROR: table ui_case_result has no column named start_time
2019-10-28 00:08:31,496-root-ERROR: table ui_case_result has no column named start_time
2019-10-28 00:08:31,511-root-ERROR: table ui_case_result has no column named start_time
2019-10-28 00:08:31,511-root-ERROR: table ui_case_result has no column named start_time
